
2022/10/19 (20:57:13) | ===> btop++ v.1.2.12
2022/10/19 (20:57:13) | ERROR: No UTF-8 locale detected!
Use --utf-force argument to force start if you're sure your terminal can handle it.

2022/10/30 (13:28:53) | ===> btop++ v.1.2.12
2022/10/30 (13:28:53) | ERROR: No UTF-8 locale detected!
Use --utf-force argument to force start if you're sure your terminal can handle it.

2022/10/30 (13:32:37) | ===> btop++ v.1.2.12
2022/10/30 (13:32:37) | WARNING: Failed to set locale en_AU.UTF-8 continuing anyway.

2022/11/22 (21:39:21) | ===> btop++ v.1.2.13
2022/11/22 (21:39:21) | ERROR: No UTF-8 locale detected!
Use --utf-force argument to force start if you're sure your terminal can handle it.

2022/11/22 (21:39:23) | ===> btop++ v.1.2.13
2022/11/22 (21:39:23) | ERROR: No UTF-8 locale detected!
Use --utf-force argument to force start if you're sure your terminal can handle it.

2022/11/22 (21:39:35) | ===> btop++ v.1.2.13
2022/11/22 (21:39:35) | WARNING: No UTF-8 locale detected! Forcing start with --utf-force argument.

2022/11/22 (21:46:39) | ===> btop++ v.1.2.13
2022/11/22 (21:46:39) | ERROR: No UTF-8 locale detected!
Use --utf-force argument to force start if you're sure your terminal can handle it.

2022/11/24 (09:49:52) | ===> btop++ v.1.2.13
2022/11/24 (09:49:52) | ERROR: No UTF-8 locale detected!
Use --utf-force argument to force start if you're sure your terminal can handle it.

2023/02/07 (13:17:16) | ===> btop++ v.1.2.13
2023/02/07 (13:17:16) | ERROR: No UTF-8 locale detected!
Use --utf-force argument to force start if you're sure your terminal can handle it.

2023/02/07 (13:17:26) | ===> btop++ v.1.2.13
2023/02/07 (13:17:26) | WARNING: No UTF-8 locale detected! Forcing start with --utf-force argument.

2023/02/10 (08:35:40) | ===> btop++ v.1.2.13
2023/02/10 (08:35:40) | ERROR: No UTF-8 locale detected!
Use --utf-force argument to force start if you're sure your terminal can handle it.

2023/02/10 (08:36:23) | ===> btop++ v.1.2.13
2023/02/10 (08:36:23) | WARNING: No UTF-8 locale detected! Forcing start with --utf-force argument.

2023/02/10 (11:26:29) | ===> btop++ v.1.2.13
2023/02/10 (11:26:29) | ERROR: No UTF-8 locale detected!
Use --utf-force argument to force start if you're sure your terminal can handle it.

2023/02/10 (11:26:33) | ===> btop++ v.1.2.13
2023/02/10 (11:26:33) | WARNING: No UTF-8 locale detected! Forcing start with --utf-force argument.
